2022-10-25 17:15:04,075: 1111111111111111111111111Leader_loop1111111111111111111111111
2022-10-25 17:15:04,076: 最後の履歴交差から50経過していない
2022-10-25 17:15:04,076: debugメッセージ : join_DMnetwork
2022-10-25 17:15:04,076: debugメッセージ : join_DMnetwork
2022-10-25 17:15:04,137: debugメッセージ : Follower_loop
2022-10-25 17:15:04,137: debugメッセージ : 現在の時刻の確認
2022-10-25 17:15:04,138: debugメッセージ : Followerとして居続ける
2022-10-25 17:16:04,138: debugメッセージ : 現在の時刻の確認
2022-10-25 17:16:04,138: debugメッセージ : Followerとして居続ける
2022-10-25 17:17:04,139: debugメッセージ : 現在の時刻の確認
2022-10-25 17:17:04,139: debugメッセージ : Followerとして居続ける
2022-10-25 17:17:54,566: cross_reference_reset is ok----Full-Reset
2022-10-25 17:17:54,597: ============= start_cross_reference__Leader_aggregation =============
2022-10-25 17:17:54,600: MSG_CROSS_REFFERENCE_LEADER_AGGREGATIONをリーダーに返信
2022-10-25 17:17:55,902: リーダーからのマイニング依頼を受信 --- REQUEST_POW
2022-10-25 17:17:55,903: マイニングプールへ保管
2022-10-25 17:17:55,918:  ============= (マイニング) Phase2 start ============= 
2022-10-25 17:17:58,401: 履歴交差部に入っているから情報をクリアします.
2022-10-25 17:18:04,140: debugメッセージ : 現在の時刻の確認
2022-10-25 17:18:04,140: debugメッセージ : Followerとして居続ける
2022-10-25 17:19:04,141: debugメッセージ : 現在の時刻の確認
2022-10-25 17:19:04,141: debugメッセージ : Followerとして居続ける
2022-10-25 17:19:24,583: cross_reference_reset is ok----Full-Reset
2022-10-25 17:19:24,613: ============= start_cross_reference__Leader_aggregation =============
2022-10-25 17:19:24,615: MSG_CROSS_REFFERENCE_LEADER_AGGREGATIONをリーダーに返信
2022-10-25 17:19:24,670: リーダーからのマイニング依頼を受信 --- REQUEST_POW
2022-10-25 17:19:24,670: マイニングプールへ保管
2022-10-25 17:19:24,675:  ============= (マイニング) Phase2 start ============= 
2022-10-25 17:19:28,451: 履歴交差部に入っているから情報をクリアします.
2022-10-25 17:20:04,142: debugメッセージ : 現在の時刻の確認
2022-10-25 17:20:04,142: debugメッセージ : Followerとして居続ける
2022-10-25 17:20:54,595: cross_reference_reset is ok----Full-Reset
2022-10-25 17:20:54,619: ============= start_cross_reference__Leader_aggregation =============
2022-10-25 17:20:54,622: MSG_CROSS_REFFERENCE_LEADER_AGGREGATIONをリーダーに返信
2022-10-25 17:20:54,654: リーダーからのマイニング依頼を受信 --- REQUEST_POW
2022-10-25 17:20:54,654: マイニングプールへ保管
2022-10-25 17:20:54,660:  ============= (マイニング) Phase2 start ============= 
2022-10-25 17:20:58,506: 履歴交差部に入っているから情報をクリアします.
2022-10-25 17:21:04,142: debugメッセージ : 現在の時刻の確認
2022-10-25 17:21:04,142: debugメッセージ : Followerとして居続ける
2022-10-25 17:22:04,143: debugメッセージ : 現在の時刻の確認
2022-10-25 17:22:04,143: debugメッセージ : Followerとして居続ける
2022-10-25 17:22:24,609: cross_reference_reset is ok----Full-Reset
2022-10-25 17:22:24,629: ============= start_cross_reference__Leader_aggregation =============
2022-10-25 17:22:24,632: MSG_CROSS_REFFERENCE_LEADER_AGGREGATIONをリーダーに返信
2022-10-25 17:22:24,663: リーダーからのマイニング依頼を受信 --- REQUEST_POW
2022-10-25 17:22:24,663: マイニングプールへ保管
2022-10-25 17:22:24,670:  ============= (マイニング) Phase2 start ============= 
2022-10-25 17:22:28,569: 履歴交差部に入っているから情報をクリアします.
2022-10-25 17:23:04,144: debugメッセージ : 現在の時刻の確認
2022-10-25 17:23:04,144: debugメッセージ : Followerとして居続ける
2022-10-26 16:35:38,728: 1111111111111111111111111Leader_loop1111111111111111111111111
2022-10-26 16:35:38,735: 最後の履歴交差から30経過していない
2022-10-26 16:35:38,735: debugメッセージ : join_DMnetwork
2022-10-26 16:35:38,736: debugメッセージ : join_DMnetwork
2022-10-26 16:35:38,781: debugメッセージ : Follower_loop
2022-10-26 16:35:38,781: debugメッセージ : 現在の時刻の確認
2022-10-26 16:35:38,781: debugメッセージ : Followerとして居続ける
2022-10-26 16:36:38,782: debugメッセージ : 現在の時刻の確認
2022-10-26 16:36:38,782: debugメッセージ : Followerとして居続ける
2022-10-26 16:37:38,782: debugメッセージ : 現在の時刻の確認
2022-10-26 16:37:38,782: debugメッセージ : Followerとして居続ける
2022-10-26 16:38:29,136: cross_reference_reset is ok----Full-Reset
2022-10-26 16:38:29,170: ============= start_cross_reference__Leader_aggregation =============
2022-10-26 16:38:29,172: MSG_CROSS_REFFERENCE_LEADER_AGGREGATIONをリーダーに返信
2022-10-26 16:38:29,354: リーダーからのマイニング依頼を受信 --- REQUEST_POW
2022-10-26 16:38:29,354: マイニングプールへ保管
2022-10-26 16:38:29,374:  ============= (マイニング) Phase2 start ============= 
2022-10-26 16:38:32,893: 履歴交差部に入っているから情報をクリアします.
2022-10-26 16:38:38,783: debugメッセージ : 現在の時刻の確認
2022-10-26 16:38:38,783: debugメッセージ : Followerとして居続ける
2022-10-26 16:39:14,144: cross_reference_reset is ok----Full-Reset
2022-10-26 16:39:14,176: ============= start_cross_reference__Leader_aggregation =============
2022-10-26 16:39:14,180: MSG_CROSS_REFFERENCE_LEADER_AGGREGATIONをリーダーに返信
2022-10-26 16:39:14,225: リーダーからのマイニング依頼を受信 --- REQUEST_POW
2022-10-26 16:39:14,226: マイニングプールへ保管
2022-10-26 16:39:14,233:  ============= (マイニング) Phase2 start ============= 
2022-10-26 16:39:17,917: 履歴交差部に入っているから情報をクリアします.
2022-10-26 16:39:38,784: debugメッセージ : 現在の時刻の確認
2022-10-26 16:39:38,784: debugメッセージ : Followerとして居続ける
2022-10-26 16:39:59,154: cross_reference_reset is ok----Full-Reset
2022-10-26 16:39:59,187: ============= start_cross_reference__Leader_aggregation =============
2022-10-26 16:39:59,189: MSG_CROSS_REFFERENCE_LEADER_AGGREGATIONをリーダーに返信
2022-10-26 16:39:59,235: リーダーからのマイニング依頼を受信 --- REQUEST_POW
2022-10-26 16:39:59,235: マイニングプールへ保管
2022-10-26 16:39:59,239:  ============= (マイニング) Phase2 start ============= 
2022-10-26 16:40:02,944: 履歴交差部に入っているから情報をクリアします.
2022-10-26 16:40:38,784: debugメッセージ : 現在の時刻の確認
2022-10-26 16:40:38,784: debugメッセージ : Followerとして居続ける
2022-10-26 16:40:44,163: cross_reference_reset is ok----Full-Reset
2022-10-26 16:40:44,194: ============= start_cross_reference__Leader_aggregation =============
2022-10-26 16:40:44,197: MSG_CROSS_REFFERENCE_LEADER_AGGREGATIONをリーダーに返信
2022-10-26 16:40:44,244: リーダーからのマイニング依頼を受信 --- REQUEST_POW
2022-10-26 16:40:44,244: マイニングプールへ保管
2022-10-26 16:40:44,250:  ============= (マイニング) Phase2 start ============= 
2022-10-26 16:40:47,973: 履歴交差部に入っているから情報をクリアします.
2022-10-26 16:41:29,170: cross_reference_reset is ok----Full-Reset
2022-10-26 16:41:29,200: ============= start_cross_reference__Leader_aggregation =============
2022-10-26 16:41:29,202: MSG_CROSS_REFFERENCE_LEADER_AGGREGATIONをリーダーに返信
2022-10-26 16:41:29,245: リーダーからのマイニング依頼を受信 --- REQUEST_POW
2022-10-26 16:41:29,245: マイニングプールへ保管
2022-10-26 16:41:29,253:  ============= (マイニング) Phase2 start ============= 
2022-10-26 16:41:33,002: 履歴交差部に入っているから情報をクリアします.
2022-10-26 16:41:38,785: debugメッセージ : 現在の時刻の確認
2022-10-26 16:41:38,785: debugメッセージ : Followerとして居続ける
2022-10-26 16:42:14,179: cross_reference_reset is ok----Full-Reset
2022-10-26 16:42:14,208: ============= start_cross_reference__Leader_aggregation =============
2022-10-26 16:42:14,211: MSG_CROSS_REFFERENCE_LEADER_AGGREGATIONをリーダーに返信
2022-10-26 16:42:14,257: リーダーからのマイニング依頼を受信 --- REQUEST_POW
2022-10-26 16:42:14,257: マイニングプールへ保管
2022-10-26 16:42:14,264:  ============= (マイニング) Phase2 start ============= 
2022-10-26 16:42:18,034: 履歴交差部に入っているから情報をクリアします.
2022-10-26 16:42:38,786: debugメッセージ : 現在の時刻の確認
2022-10-26 16:42:38,787: debugメッセージ : Followerとして居続ける
2022-10-26 16:42:59,187: cross_reference_reset is ok----Full-Reset
2022-10-26 16:42:59,220: ============= start_cross_reference__Leader_aggregation =============
2022-10-26 16:42:59,223: MSG_CROSS_REFFERENCE_LEADER_AGGREGATIONをリーダーに返信
2022-10-26 16:42:59,269: リーダーからのマイニング依頼を受信 --- REQUEST_POW
2022-10-26 16:42:59,269: マイニングプールへ保管
2022-10-26 16:42:59,274:  ============= (マイニング) Phase2 start ============= 
2022-10-26 16:43:03,066: 履歴交差部に入っているから情報をクリアします.
2022-10-26 16:43:38,787: debugメッセージ : 現在の時刻の確認
2022-10-26 16:43:38,788: debugメッセージ : Followerとして居続ける
2022-10-26 16:43:44,195: cross_reference_reset is ok----Full-Reset
2022-10-26 16:43:44,228: ============= start_cross_reference__Leader_aggregation =============
2022-10-26 16:43:44,231: MSG_CROSS_REFFERENCE_LEADER_AGGREGATIONをリーダーに返信
2022-10-26 16:43:44,276: リーダーからのマイニング依頼を受信 --- REQUEST_POW
2022-10-26 16:43:44,277: マイニングプールへ保管
2022-10-26 16:43:44,282:  ============= (マイニング) Phase2 start ============= 
2022-10-26 16:43:48,100: 履歴交差部に入っているから情報をクリアします.
2022-10-26 16:44:29,205: cross_reference_reset is ok----Full-Reset
2022-10-26 16:44:29,236: ============= start_cross_reference__Leader_aggregation =============
2022-10-26 16:44:29,238: MSG_CROSS_REFFERENCE_LEADER_AGGREGATIONをリーダーに返信
2022-10-26 16:44:29,288: リーダーからのマイニング依頼を受信 --- REQUEST_POW
2022-10-26 16:44:29,288: マイニングプールへ保管
2022-10-26 16:44:29,295:  ============= (マイニング) Phase2 start ============= 
2022-10-26 16:44:33,133: 履歴交差部に入っているから情報をクリアします.
2022-10-26 16:44:38,788: debugメッセージ : 現在の時刻の確認
2022-10-26 16:44:38,789: debugメッセージ : Followerとして居続ける
2022-10-26 16:45:14,212: cross_reference_reset is ok----Full-Reset
2022-10-26 16:45:14,243: ============= start_cross_reference__Leader_aggregation =============
2022-10-26 16:45:14,245: MSG_CROSS_REFFERENCE_LEADER_AGGREGATIONをリーダーに返信
2022-10-26 16:45:14,293: リーダーからのマイニング依頼を受信 --- REQUEST_POW
2022-10-26 16:45:14,293: マイニングプールへ保管
2022-10-26 16:45:14,298:  ============= (マイニング) Phase2 start ============= 
2022-10-26 16:45:18,169: 履歴交差部に入っているから情報をクリアします.
2022-10-26 16:45:38,789: debugメッセージ : 現在の時刻の確認
2022-10-26 16:45:38,789: debugメッセージ : Followerとして居続ける
2022-10-26 16:45:59,221: cross_reference_reset is ok----Full-Reset
2022-10-26 16:45:59,253: ============= start_cross_reference__Leader_aggregation =============
2022-10-26 16:45:59,257: MSG_CROSS_REFFERENCE_LEADER_AGGREGATIONをリーダーに返信
2022-10-26 16:45:59,304: リーダーからのマイニング依頼を受信 --- REQUEST_POW
2022-10-26 16:45:59,304: マイニングプールへ保管
2022-10-26 16:45:59,311:  ============= (マイニング) Phase2 start ============= 
2022-10-26 16:46:38,790: debugメッセージ : 現在の時刻の確認
2022-10-26 16:46:38,790: debugメッセージ : Followerとして居続ける
2022-10-26 16:46:44,229: cross_reference_reset is ok----Full-Reset
2022-10-26 16:46:44,260: ============= start_cross_reference__Leader_aggregation =============
2022-10-26 16:46:44,263: MSG_CROSS_REFFERENCE_LEADER_AGGREGATIONをリーダーに返信
2022-10-26 16:46:44,362: リーダーからのマイニング依頼を受信 --- REQUEST_POW
2022-10-26 16:46:44,362: マイニングプールへ保管
2022-10-26 16:47:29,239: cross_reference_reset is ok----Full-Reset
2022-10-26 16:47:29,273: ============= start_cross_reference__Leader_aggregation =============
2022-10-26 16:47:29,275: MSG_CROSS_REFFERENCE_LEADER_AGGREGATIONをリーダーに返信
2022-10-26 16:47:29,324: リーダーからのマイニング依頼を受信 --- REQUEST_POW
2022-10-26 16:47:29,325: マイニングプールへ保管
2022-10-26 16:47:38,791: debugメッセージ : 現在の時刻の確認
2022-10-26 16:47:38,791: debugメッセージ : Followerとして居続ける
2022-10-26 16:48:14,247: cross_reference_reset is ok----Full-Reset
2022-10-26 16:48:14,278: ============= start_cross_reference__Leader_aggregation =============
2022-10-26 16:48:14,280: MSG_CROSS_REFFERENCE_LEADER_AGGREGATIONをリーダーに返信
2022-10-26 16:48:14,330: リーダーからのマイニング依頼を受信 --- REQUEST_POW
2022-10-26 16:48:14,330: マイニングプールへ保管
2022-10-26 16:48:38,792: debugメッセージ : 現在の時刻の確認
2022-10-26 16:48:38,792: debugメッセージ : Followerとして居続ける
2022-10-26 16:48:59,256: cross_reference_reset is ok----Full-Reset
2022-10-26 16:48:59,288: ============= start_cross_reference__Leader_aggregation =============
2022-10-26 16:48:59,292: MSG_CROSS_REFFERENCE_LEADER_AGGREGATIONをリーダーに返信
2022-10-26 16:48:59,352: リーダーからのマイニング依頼を受信 --- REQUEST_POW
2022-10-26 16:48:59,352: マイニングプールへ保管
2022-10-26 16:49:38,792: debugメッセージ : 現在の時刻の確認
2022-10-26 16:49:38,793: debugメッセージ : Followerとして居続ける
2022-10-26 16:49:44,264: cross_reference_reset is ok----Full-Reset
2022-10-26 16:49:44,297: ============= start_cross_reference__Leader_aggregation =============
2022-10-26 16:49:44,300: MSG_CROSS_REFFERENCE_LEADER_AGGREGATIONをリーダーに返信
2022-10-26 16:49:44,356: リーダーからのマイニング依頼を受信 --- REQUEST_POW
2022-10-26 16:49:44,356: マイニングプールへ保管
2022-10-26 16:50:29,272: cross_reference_reset is ok----Full-Reset
2022-10-26 16:50:29,305: ============= start_cross_reference__Leader_aggregation =============
2022-10-26 16:50:29,308: MSG_CROSS_REFFERENCE_LEADER_AGGREGATIONをリーダーに返信
2022-10-26 16:50:29,397: リーダーからのマイニング依頼を受信 --- REQUEST_POW
2022-10-26 16:50:29,397: マイニングプールへ保管
2022-10-26 16:50:38,793: debugメッセージ : 現在の時刻の確認
2022-10-26 16:50:38,793: debugメッセージ : Followerとして居続ける
2022-10-26 16:51:14,280: cross_reference_reset is ok----Full-Reset
2022-10-26 16:51:14,312: ============= start_cross_reference__Leader_aggregation =============
2022-10-26 16:51:14,314: MSG_CROSS_REFFERENCE_LEADER_AGGREGATIONをリーダーに返信
2022-10-26 16:51:14,417: リーダーからのマイニング依頼を受信 --- REQUEST_POW
2022-10-26 16:51:14,418: マイニングプールへ保管
2022-10-26 16:51:38,794: debugメッセージ : 現在の時刻の確認
2022-10-26 16:51:38,794: debugメッセージ : Followerとして居続ける
2022-10-26 16:51:59,289: cross_reference_reset is ok----Full-Reset
2022-10-26 16:51:59,321: ============= start_cross_reference__Leader_aggregation =============
2022-10-26 16:51:59,325: MSG_CROSS_REFFERENCE_LEADER_AGGREGATIONをリーダーに返信
2022-10-26 16:51:59,412: リーダーからのマイニング依頼を受信 --- REQUEST_POW
2022-10-26 16:51:59,413: マイニングプールへ保管
2022-10-26 16:52:38,795: debugメッセージ : 現在の時刻の確認
2022-10-26 16:52:38,795: debugメッセージ : Followerとして居続ける
2022-10-26 16:52:44,297: cross_reference_reset is ok----Full-Reset
2022-10-26 16:52:44,327: ============= start_cross_reference__Leader_aggregation =============
2022-10-26 16:52:44,330: MSG_CROSS_REFFERENCE_LEADER_AGGREGATIONをリーダーに返信
2022-10-26 16:52:44,433: リーダーからのマイニング依頼を受信 --- REQUEST_POW
2022-10-26 16:52:44,434: マイニングプールへ保管
2022-10-26 16:53:29,305: cross_reference_reset is ok----Full-Reset
2022-10-26 16:53:29,334: ============= start_cross_reference__Leader_aggregation =============
2022-10-26 16:53:29,336: MSG_CROSS_REFFERENCE_LEADER_AGGREGATIONをリーダーに返信
2022-10-26 16:53:29,438: リーダーからのマイニング依頼を受信 --- REQUEST_POW
2022-10-26 16:53:29,438: マイニングプールへ保管
2022-10-26 16:53:38,796: debugメッセージ : 現在の時刻の確認
2022-10-26 16:53:38,796: debugメッセージ : Followerとして居続ける
2022-10-26 16:54:14,313: cross_reference_reset is ok----Full-Reset
2022-10-26 16:54:14,345: ============= start_cross_reference__Leader_aggregation =============
2022-10-26 16:54:14,347: MSG_CROSS_REFFERENCE_LEADER_AGGREGATIONをリーダーに返信
2022-10-26 16:54:14,457: リーダーからのマイニング依頼を受信 --- REQUEST_POW
2022-10-26 16:54:14,457: マイニングプールへ保管
2022-10-26 16:54:38,796: debugメッセージ : 現在の時刻の確認
2022-10-26 16:54:38,797: debugメッセージ : Followerとして居続ける
2022-10-26 16:54:59,322: cross_reference_reset is ok----Full-Reset
2022-10-26 16:54:59,350: ============= start_cross_reference__Leader_aggregation =============
2022-10-26 16:54:59,353: MSG_CROSS_REFFERENCE_LEADER_AGGREGATIONをリーダーに返信
2022-10-26 16:54:59,457: リーダーからのマイニング依頼を受信 --- REQUEST_POW
2022-10-26 16:54:59,458: マイニングプールへ保管
2022-10-26 16:55:38,797: debugメッセージ : 現在の時刻の確認
2022-10-26 16:55:38,798: debugメッセージ : Followerとして居続ける
2022-10-26 16:55:44,330: cross_reference_reset is ok----Full-Reset
2022-10-26 16:55:44,360: ============= start_cross_reference__Leader_aggregation =============
2022-10-26 16:55:44,362: MSG_CROSS_REFFERENCE_LEADER_AGGREGATIONをリーダーに返信
2022-10-26 16:55:44,476: リーダーからのマイニング依頼を受信 --- REQUEST_POW
2022-10-26 16:55:44,477: マイニングプールへ保管
2022-10-26 16:56:29,339: cross_reference_reset is ok----Full-Reset
2022-10-26 16:56:29,370: ============= start_cross_reference__Leader_aggregation =============
2022-10-26 16:56:29,372: MSG_CROSS_REFFERENCE_LEADER_AGGREGATIONをリーダーに返信
2022-10-26 16:56:29,488: リーダーからのマイニング依頼を受信 --- REQUEST_POW
2022-10-26 16:56:29,488: マイニングプールへ保管
2022-10-26 16:56:38,798: debugメッセージ : 現在の時刻の確認
2022-10-26 16:56:38,799: debugメッセージ : Followerとして居続ける
2022-10-26 16:57:14,346: cross_reference_reset is ok----Full-Reset
2022-10-26 16:57:14,374: ============= start_cross_reference__Leader_aggregation =============
2022-10-26 16:57:14,377: MSG_CROSS_REFFERENCE_LEADER_AGGREGATIONをリーダーに返信
2022-10-26 16:57:14,500: リーダーからのマイニング依頼を受信 --- REQUEST_POW
2022-10-26 16:57:14,501: マイニングプールへ保管
2022-10-26 16:57:38,799: debugメッセージ : 現在の時刻の確認
2022-10-26 16:57:38,799: debugメッセージ : Followerとして居続ける
2022-10-26 16:57:59,354: cross_reference_reset is ok----Full-Reset
2022-10-26 16:57:59,386: ============= start_cross_reference__Leader_aggregation =============
2022-10-26 16:57:59,390: MSG_CROSS_REFFERENCE_LEADER_AGGREGATIONをリーダーに返信
2022-10-26 16:57:59,515: リーダーからのマイニング依頼を受信 --- REQUEST_POW
2022-10-26 16:57:59,515: マイニングプールへ保管
2022-10-26 16:58:38,800: debugメッセージ : 現在の時刻の確認
2022-10-26 16:58:38,800: debugメッセージ : Followerとして居続ける
2022-10-26 16:58:44,362: cross_reference_reset is ok----Full-Reset
2022-10-26 16:58:44,390: ============= start_cross_reference__Leader_aggregation =============
2022-10-26 16:58:44,393: MSG_CROSS_REFFERENCE_LEADER_AGGREGATIONをリーダーに返信
2022-10-26 16:58:44,530: リーダーからのマイニング依頼を受信 --- REQUEST_POW
2022-10-26 16:58:44,531: マイニングプールへ保管
2022-10-26 16:59:29,370: cross_reference_reset is ok----Full-Reset
2022-10-26 16:59:29,403: ============= start_cross_reference__Leader_aggregation =============
2022-10-26 16:59:29,405: MSG_CROSS_REFFERENCE_LEADER_AGGREGATIONをリーダーに返信
2022-10-26 16:59:29,531: リーダーからのマイニング依頼を受信 --- REQUEST_POW
2022-10-26 16:59:29,532: マイニングプールへ保管
2022-10-26 16:59:38,801: debugメッセージ : 現在の時刻の確認
2022-10-26 16:59:38,801: debugメッセージ : Followerとして居続ける
2022-10-26 17:00:14,378: cross_reference_reset is ok----Full-Reset
2022-10-26 17:00:14,411: ============= start_cross_reference__Leader_aggregation =============
2022-10-26 17:00:14,413: MSG_CROSS_REFFERENCE_LEADER_AGGREGATIONをリーダーに返信
2022-10-26 17:00:14,541: リーダーからのマイニング依頼を受信 --- REQUEST_POW
2022-10-26 17:00:14,542: マイニングプールへ保管
2022-10-26 17:00:38,802: debugメッセージ : 現在の時刻の確認
2022-10-26 17:00:38,802: debugメッセージ : Followerとして居続ける
2022-10-26 17:00:59,386: cross_reference_reset is ok----Full-Reset
2022-10-26 17:00:59,415: ============= start_cross_reference__Leader_aggregation =============
2022-10-26 17:00:59,417: MSG_CROSS_REFFERENCE_LEADER_AGGREGATIONをリーダーに返信
2022-10-26 17:00:59,568: リーダーからのマイニング依頼を受信 --- REQUEST_POW
2022-10-26 17:00:59,569: マイニングプールへ保管
2022-10-26 17:01:38,803: debugメッセージ : 現在の時刻の確認
2022-10-26 17:01:38,803: debugメッセージ : Followerとして居続ける
2022-10-26 17:01:44,394: cross_reference_reset is ok----Full-Reset
2022-10-26 17:01:44,426: ============= start_cross_reference__Leader_aggregation =============
2022-10-26 17:01:44,428: MSG_CROSS_REFFERENCE_LEADER_AGGREGATIONをリーダーに返信
2022-10-26 17:01:44,568: リーダーからのマイニング依頼を受信 --- REQUEST_POW
2022-10-26 17:01:44,568: マイニングプールへ保管
2022-10-26 17:02:29,402: cross_reference_reset is ok----Full-Reset
2022-10-26 17:02:29,433: ============= start_cross_reference__Leader_aggregation =============
2022-10-26 17:02:29,436: MSG_CROSS_REFFERENCE_LEADER_AGGREGATIONをリーダーに返信
2022-10-26 17:02:29,590: リーダーからのマイニング依頼を受信 --- REQUEST_POW
2022-10-26 17:02:29,590: マイニングプールへ保管
2022-10-26 17:02:38,804: debugメッセージ : 現在の時刻の確認
2022-10-26 17:02:38,804: debugメッセージ : Followerとして居続ける
2022-10-26 17:03:14,410: cross_reference_reset is ok----Full-Reset
2022-10-26 17:03:14,443: ============= start_cross_reference__Leader_aggregation =============
2022-10-26 17:03:14,445: MSG_CROSS_REFFERENCE_LEADER_AGGREGATIONをリーダーに返信
2022-10-26 17:03:14,591: リーダーからのマイニング依頼を受信 --- REQUEST_POW
2022-10-26 17:03:14,592: マイニングプールへ保管
2022-10-26 17:03:38,805: debugメッセージ : 現在の時刻の確認
2022-10-26 17:03:38,805: debugメッセージ : Followerとして居続ける
2022-10-26 17:03:59,418: cross_reference_reset is ok----Full-Reset
2022-10-26 17:03:59,447: ============= start_cross_reference__Leader_aggregation =============
2022-10-26 17:03:59,449: MSG_CROSS_REFFERENCE_LEADER_AGGREGATIONをリーダーに返信
2022-10-26 17:03:59,615: リーダーからのマイニング依頼を受信 --- REQUEST_POW
2022-10-26 17:03:59,616: マイニングプールへ保管
2022-10-26 17:04:38,805: debugメッセージ : 現在の時刻の確認
2022-10-26 17:04:38,806: debugメッセージ : Followerとして居続ける
2022-10-26 17:04:44,427: cross_reference_reset is ok----Full-Reset
2022-10-26 17:04:44,457: ============= start_cross_reference__Leader_aggregation =============
2022-10-26 17:04:44,461: MSG_CROSS_REFFERENCE_LEADER_AGGREGATIONをリーダーに返信
2022-10-26 17:04:44,627: リーダーからのマイニング依頼を受信 --- REQUEST_POW
2022-10-26 17:04:44,628: マイニングプールへ保管
2022-10-26 17:05:29,436: cross_reference_reset is ok----Full-Reset
2022-10-26 17:05:29,468: ============= start_cross_reference__Leader_aggregation =============
2022-10-26 17:05:29,470: MSG_CROSS_REFFERENCE_LEADER_AGGREGATIONをリーダーに返信
2022-10-26 17:05:29,642: リーダーからのマイニング依頼を受信 --- REQUEST_POW
2022-10-26 17:05:29,644: マイニングプールへ保管
2022-10-26 17:05:38,806: debugメッセージ : 現在の時刻の確認
2022-10-26 17:05:38,806: debugメッセージ : Followerとして居続ける
2022-10-26 17:06:14,444: cross_reference_reset is ok----Full-Reset
2022-10-26 17:06:14,474: ============= start_cross_reference__Leader_aggregation =============
2022-10-26 17:06:14,476: MSG_CROSS_REFFERENCE_LEADER_AGGREGATIONをリーダーに返信
2022-10-26 17:06:14,654: リーダーからのマイニング依頼を受信 --- REQUEST_POW
2022-10-26 17:06:14,655: マイニングプールへ保管
2022-10-26 17:06:38,807: debugメッセージ : 現在の時刻の確認
2022-10-26 17:06:38,807: debugメッセージ : Followerとして居続ける
2022-10-26 17:06:59,451: cross_reference_reset is ok----Full-Reset
2022-10-26 17:06:59,480: ============= start_cross_reference__Leader_aggregation =============
2022-10-26 17:06:59,482: MSG_CROSS_REFFERENCE_LEADER_AGGREGATIONをリーダーに返信
2022-10-26 17:06:59,643: リーダーからのマイニング依頼を受信 --- REQUEST_POW
2022-10-26 17:06:59,644: マイニングプールへ保管
2022-10-26 17:07:38,808: debugメッセージ : 現在の時刻の確認
2022-10-26 17:07:38,808: debugメッセージ : Followerとして居続ける
2022-10-26 17:07:44,459: cross_reference_reset is ok----Full-Reset
2022-10-26 17:07:44,490: ============= start_cross_reference__Leader_aggregation =============
2022-10-26 17:07:44,492: MSG_CROSS_REFFERENCE_LEADER_AGGREGATIONをリーダーに返信
2022-10-26 17:07:44,682: リーダーからのマイニング依頼を受信 --- REQUEST_POW
2022-10-26 17:07:44,683: マイニングプールへ保管
2022-10-26 17:08:29,468: cross_reference_reset is ok----Full-Reset
2022-10-26 17:08:29,503: ============= start_cross_reference__Leader_aggregation =============
2022-10-26 17:08:29,506: MSG_CROSS_REFFERENCE_LEADER_AGGREGATIONをリーダーに返信
2022-10-26 17:08:29,694: リーダーからのマイニング依頼を受信 --- REQUEST_POW
2022-10-26 17:08:29,695: マイニングプールへ保管
2022-10-26 17:08:38,808: debugメッセージ : 現在の時刻の確認
2022-10-26 17:08:38,809: debugメッセージ : Followerとして居続ける
2022-10-26 17:09:14,476: cross_reference_reset is ok----Full-Reset
2022-10-26 17:09:14,506: ============= start_cross_reference__Leader_aggregation =============
2022-10-26 17:09:14,509: MSG_CROSS_REFFERENCE_LEADER_AGGREGATIONをリーダーに返信
2022-10-26 17:09:14,682: リーダーからのマイニング依頼を受信 --- REQUEST_POW
2022-10-26 17:09:14,683: マイニングプールへ保管
2022-10-26 17:09:38,809: debugメッセージ : 現在の時刻の確認
2022-10-26 17:09:38,809: debugメッセージ : Followerとして居続ける
2022-10-26 17:09:59,486: cross_reference_reset is ok----Full-Reset
2022-10-26 17:09:59,522: ============= start_cross_reference__Leader_aggregation =============
2022-10-26 17:09:59,524: MSG_CROSS_REFFERENCE_LEADER_AGGREGATIONをリーダーに返信
2022-10-26 17:09:59,718: リーダーからのマイニング依頼を受信 --- REQUEST_POW
2022-10-26 17:09:59,719: マイニングプールへ保管
2022-10-26 17:10:38,810: debugメッセージ : 現在の時刻の確認
2022-10-26 17:10:38,810: debugメッセージ : Followerとして居続ける
2022-10-26 17:10:44,494: cross_reference_reset is ok----Full-Reset
2022-10-26 17:10:44,525: ============= start_cross_reference__Leader_aggregation =============
2022-10-26 17:10:44,527: MSG_CROSS_REFFERENCE_LEADER_AGGREGATIONをリーダーに返信
2022-10-26 17:10:44,709: リーダーからのマイニング依頼を受信 --- REQUEST_POW
2022-10-26 17:10:44,711: マイニングプールへ保管
2022-10-26 17:11:29,504: cross_reference_reset is ok----Full-Reset
2022-10-26 17:11:29,538: ============= start_cross_reference__Leader_aggregation =============
2022-10-26 17:11:29,540: MSG_CROSS_REFFERENCE_LEADER_AGGREGATIONをリーダーに返信
2022-10-26 17:11:29,748: リーダーからのマイニング依頼を受信 --- REQUEST_POW
2022-10-26 17:11:29,749: マイニングプールへ保管
2022-10-26 17:11:38,811: debugメッセージ : 現在の時刻の確認
2022-10-26 17:11:38,811: debugメッセージ : Followerとして居続ける
2022-10-26 17:12:14,512: cross_reference_reset is ok----Full-Reset
2022-10-26 17:12:14,542: ============= start_cross_reference__Leader_aggregation =============
2022-10-26 17:12:14,544: MSG_CROSS_REFFERENCE_LEADER_AGGREGATIONをリーダーに返信
2022-10-26 17:12:14,735: リーダーからのマイニング依頼を受信 --- REQUEST_POW
2022-10-26 17:12:14,736: マイニングプールへ保管
2022-10-26 17:12:38,811: debugメッセージ : 現在の時刻の確認
2022-10-26 17:12:38,812: debugメッセージ : Followerとして居続ける
2022-10-26 17:12:59,523: cross_reference_reset is ok----Full-Reset
2022-10-26 17:12:59,552: ============= start_cross_reference__Leader_aggregation =============
2022-10-26 17:12:59,555: MSG_CROSS_REFFERENCE_LEADER_AGGREGATIONをリーダーに返信
2022-10-26 17:12:59,750: リーダーからのマイニング依頼を受信 --- REQUEST_POW
2022-10-26 17:12:59,751: マイニングプールへ保管
2022-10-26 17:13:38,812: debugメッセージ : 現在の時刻の確認
2022-10-26 17:13:38,812: debugメッセージ : Followerとして居続ける
2022-10-26 17:13:44,531: cross_reference_reset is ok----Full-Reset
2022-10-26 17:13:44,560: ============= start_cross_reference__Leader_aggregation =============
2022-10-26 17:13:44,563: MSG_CROSS_REFFERENCE_LEADER_AGGREGATIONをリーダーに返信
2022-10-26 17:13:44,756: リーダーからのマイニング依頼を受信 --- REQUEST_POW
2022-10-26 17:13:44,757: マイニングプールへ保管
2022-10-26 17:14:29,540: cross_reference_reset is ok----Full-Reset
2022-10-26 17:14:29,570: ============= start_cross_reference__Leader_aggregation =============
2022-10-26 17:14:29,573: MSG_CROSS_REFFERENCE_LEADER_AGGREGATIONをリーダーに返信
2022-10-26 17:14:29,801: リーダーからのマイニング依頼を受信 --- REQUEST_POW
2022-10-26 17:14:29,802: マイニングプールへ保管
2022-10-26 17:14:38,813: debugメッセージ : 現在の時刻の確認
2022-10-26 17:14:38,813: debugメッセージ : Followerとして居続ける
2022-10-26 17:15:14,549: cross_reference_reset is ok----Full-Reset
2022-10-26 17:15:14,581: ============= start_cross_reference__Leader_aggregation =============
2022-10-26 17:15:14,584: MSG_CROSS_REFFERENCE_LEADER_AGGREGATIONをリーダーに返信
2022-10-26 17:15:14,832: リーダーからのマイニング依頼を受信 --- REQUEST_POW
2022-10-26 17:15:14,833: マイニングプールへ保管
2022-10-26 17:15:38,814: debugメッセージ : 現在の時刻の確認
2022-10-26 17:15:38,814: debugメッセージ : Followerとして居続ける
2022-10-26 17:15:59,558: cross_reference_reset is ok----Full-Reset
2022-10-26 17:15:59,590: ============= start_cross_reference__Leader_aggregation =============
2022-10-26 17:15:59,593: MSG_CROSS_REFFERENCE_LEADER_AGGREGATIONをリーダーに返信
2022-10-26 17:15:59,813: リーダーからのマイニング依頼を受信 --- REQUEST_POW
2022-10-26 17:15:59,814: マイニングプールへ保管
2022-10-26 17:16:38,815: debugメッセージ : 現在の時刻の確認
2022-10-26 17:16:38,815: debugメッセージ : Followerとして居続ける
2022-10-26 17:16:44,566: cross_reference_reset is ok----Full-Reset
2022-10-26 17:16:44,597: ============= start_cross_reference__Leader_aggregation =============
2022-10-26 17:16:44,599: MSG_CROSS_REFFERENCE_LEADER_AGGREGATIONをリーダーに返信
2022-10-26 17:16:44,835: リーダーからのマイニング依頼を受信 --- REQUEST_POW
2022-10-26 17:16:44,836: マイニングプールへ保管
2022-10-26 17:17:32,577: cross_reference_reset is ok----Full-Reset
2022-10-26 17:17:38,815: debugメッセージ : 現在の時刻の確認
2022-10-26 17:17:38,816: debugメッセージ : Followerとして居続ける
2022-10-26 17:18:20,588: cross_reference_reset is ok----Full-Reset
2022-10-26 17:18:38,816: debugメッセージ : 現在の時刻の確認
2022-10-26 17:18:38,817: debugメッセージ : Followerとして居続ける
2022-10-26 17:19:08,601: cross_reference_reset is ok----Full-Reset
2022-10-26 17:19:38,817: debugメッセージ : 現在の時刻の確認
2022-10-26 17:19:38,818: debugメッセージ : Followerとして居続ける
2022-10-26 17:19:56,611: cross_reference_reset is ok----Full-Reset
2022-10-26 17:20:38,818: debugメッセージ : 現在の時刻の確認
2022-10-26 17:20:38,818: debugメッセージ : Followerとして居続ける
2022-10-26 17:20:44,621: cross_reference_reset is ok----Full-Reset
2022-10-26 17:21:32,632: cross_reference_reset is ok----Full-Reset
2022-10-26 17:21:38,819: debugメッセージ : 現在の時刻の確認
2022-10-26 17:21:38,820: debugメッセージ : Followerとして居続ける
2022-10-26 17:22:20,643: cross_reference_reset is ok----Full-Reset
2022-10-26 17:22:38,820: debugメッセージ : 現在の時刻の確認
2022-10-26 17:22:38,820: debugメッセージ : Followerとして居続ける
2022-10-26 17:23:08,653: cross_reference_reset is ok----Full-Reset
2022-10-26 17:23:38,821: debugメッセージ : 現在の時刻の確認
2022-10-26 17:23:38,821: debugメッセージ : Followerとして居続ける
2022-10-26 17:23:56,664: cross_reference_reset is ok----Full-Reset
2022-10-26 17:24:38,822: debugメッセージ : 現在の時刻の確認
2022-10-26 17:24:38,822: debugメッセージ : Followerとして居続ける
2022-10-26 17:24:44,676: cross_reference_reset is ok----Full-Reset
2022-10-26 17:25:32,688: cross_reference_reset is ok----Full-Reset
2022-10-26 17:25:38,823: debugメッセージ : 現在の時刻の確認
2022-10-26 17:25:38,823: debugメッセージ : Followerとして居続ける
2022-10-26 17:26:20,699: cross_reference_reset is ok----Full-Reset
2022-10-26 17:26:38,824: debugメッセージ : 現在の時刻の確認
2022-10-26 17:26:38,824: debugメッセージ : Followerとして居続ける
2022-10-26 17:27:08,710: cross_reference_reset is ok----Full-Reset
2022-10-26 17:27:38,824: debugメッセージ : 現在の時刻の確認
2022-10-26 17:27:38,825: debugメッセージ : Followerとして居続ける
2022-10-26 17:27:56,721: cross_reference_reset is ok----Full-Reset
2022-10-26 17:28:38,825: debugメッセージ : 現在の時刻の確認
2022-10-26 17:28:38,826: debugメッセージ : Followerとして居続ける
2022-10-26 17:28:44,730: cross_reference_reset is ok----Full-Reset
2022-10-26 17:29:32,742: cross_reference_reset is ok----Full-Reset
2022-10-26 17:29:38,826: debugメッセージ : 現在の時刻の確認
2022-10-26 17:29:38,826: debugメッセージ : Followerとして居続ける
2022-10-26 17:30:20,752: cross_reference_reset is ok----Full-Reset
2022-10-26 17:30:38,827: debugメッセージ : 現在の時刻の確認
2022-10-26 17:30:38,827: debugメッセージ : Followerとして居続ける
2022-10-26 17:31:08,762: cross_reference_reset is ok----Full-Reset
2022-10-26 17:31:38,828: debugメッセージ : 現在の時刻の確認
2022-10-26 17:31:38,828: debugメッセージ : Followerとして居続ける
2022-10-26 17:31:56,774: cross_reference_reset is ok----Full-Reset
2022-10-26 17:32:38,828: debugメッセージ : 現在の時刻の確認
2022-10-26 17:32:38,829: debugメッセージ : Followerとして居続ける
2022-10-26 17:32:44,783: cross_reference_reset is ok----Full-Reset
2022-10-26 17:33:32,795: cross_reference_reset is ok----Full-Reset
2022-10-26 17:33:38,829: debugメッセージ : 現在の時刻の確認
2022-10-26 17:33:38,830: debugメッセージ : Followerとして居続ける
2022-10-26 17:34:20,806: cross_reference_reset is ok----Full-Reset
2022-10-26 17:34:38,830: debugメッセージ : 現在の時刻の確認
2022-10-26 17:34:38,830: debugメッセージ : Followerとして居続ける
2022-10-26 17:35:08,817: cross_reference_reset is ok----Full-Reset
2022-10-26 17:35:38,831: debugメッセージ : 現在の時刻の確認
2022-10-26 17:35:38,831: debugメッセージ : Followerとして居続ける
2022-10-26 17:35:56,828: cross_reference_reset is ok----Full-Reset
2022-10-26 17:36:38,832: debugメッセージ : 現在の時刻の確認
2022-10-26 17:36:38,832: debugメッセージ : Followerとして居続ける
2022-10-26 17:36:44,839: cross_reference_reset is ok----Full-Reset
2022-10-26 17:37:32,848: cross_reference_reset is ok----Full-Reset
2022-10-26 17:37:38,833: debugメッセージ : 現在の時刻の確認
2022-10-26 17:37:38,833: debugメッセージ : Followerとして居続ける
2022-10-26 17:38:20,857: cross_reference_reset is ok----Full-Reset
2022-10-26 17:38:38,833: debugメッセージ : 現在の時刻の確認
2022-10-26 17:38:38,834: debugメッセージ : Followerとして居続ける
2022-10-26 17:39:08,868: cross_reference_reset is ok----Full-Reset
2022-10-26 17:39:38,834: debugメッセージ : 現在の時刻の確認
2022-10-26 17:39:38,834: debugメッセージ : Followerとして居続ける
2022-10-26 17:39:56,879: cross_reference_reset is ok----Full-Reset
2022-10-26 17:40:38,835: debugメッセージ : 現在の時刻の確認
2022-10-26 17:40:38,835: debugメッセージ : Followerとして居続ける
2022-10-26 17:40:44,891: cross_reference_reset is ok----Full-Reset
2022-10-26 17:41:32,900: cross_reference_reset is ok----Full-Reset
2022-10-26 17:41:38,836: debugメッセージ : 現在の時刻の確認
2022-10-26 17:41:38,836: debugメッセージ : Followerとして居続ける
2022-10-26 17:42:20,911: cross_reference_reset is ok----Full-Reset
2022-10-26 17:42:38,837: debugメッセージ : 現在の時刻の確認
2022-10-26 17:42:38,837: debugメッセージ : Followerとして居続ける
2022-10-26 17:43:08,921: cross_reference_reset is ok----Full-Reset
2022-10-26 17:43:38,838: debugメッセージ : 現在の時刻の確認
2022-10-26 17:43:38,838: debugメッセージ : Followerとして居続ける
2022-10-26 17:43:56,932: cross_reference_reset is ok----Full-Reset
2022-10-26 17:44:38,838: debugメッセージ : 現在の時刻の確認
2022-10-26 17:44:38,839: debugメッセージ : Followerとして居続ける
2022-10-26 17:44:44,942: cross_reference_reset is ok----Full-Reset
2022-10-26 17:45:32,954: cross_reference_reset is ok----Full-Reset
2022-10-26 17:45:38,839: debugメッセージ : 現在の時刻の確認
2022-10-26 17:45:38,840: debugメッセージ : Followerとして居続ける
2022-10-26 17:46:20,965: cross_reference_reset is ok----Full-Reset
2022-10-26 17:46:38,840: debugメッセージ : 現在の時刻の確認
2022-10-26 17:46:38,840: debugメッセージ : Followerとして居続ける
2022-10-26 17:47:08,973: cross_reference_reset is ok----Full-Reset
2022-10-26 17:47:38,841: debugメッセージ : 現在の時刻の確認
2022-10-26 17:47:38,841: debugメッセージ : Followerとして居続ける
2022-10-26 17:47:56,983: cross_reference_reset is ok----Full-Reset
2022-10-26 17:48:38,842: debugメッセージ : 現在の時刻の確認
2022-10-26 17:48:38,842: debugメッセージ : Followerとして居続ける
2022-10-26 17:48:44,994: cross_reference_reset is ok----Full-Reset
2022-10-26 17:49:33,004: cross_reference_reset is ok----Full-Reset
2022-10-26 17:49:38,843: debugメッセージ : 現在の時刻の確認
2022-10-26 17:49:38,843: debugメッセージ : Followerとして居続ける
2022-10-26 17:50:21,016: cross_reference_reset is ok----Full-Reset
2022-10-26 17:50:38,844: debugメッセージ : 現在の時刻の確認
2022-10-26 17:50:38,844: debugメッセージ : Followerとして居続ける
2022-10-26 17:51:09,028: cross_reference_reset is ok----Full-Reset
2022-10-26 17:51:38,845: debugメッセージ : 現在の時刻の確認
2022-10-26 17:51:38,845: debugメッセージ : Followerとして居続ける
2022-10-26 17:51:57,040: cross_reference_reset is ok----Full-Reset
2022-10-26 17:52:38,846: debugメッセージ : 現在の時刻の確認
2022-10-26 17:52:38,846: debugメッセージ : Followerとして居続ける
2022-10-26 17:52:45,050: cross_reference_reset is ok----Full-Reset
2022-10-26 17:53:33,062: cross_reference_reset is ok----Full-Reset
2022-10-26 17:53:38,847: debugメッセージ : 現在の時刻の確認
2022-10-26 17:53:38,847: debugメッセージ : Followerとして居続ける
2022-10-26 17:54:21,073: cross_reference_reset is ok----Full-Reset
2022-10-26 17:54:38,847: debugメッセージ : 現在の時刻の確認
2022-10-26 17:54:38,848: debugメッセージ : Followerとして居続ける
2022-10-26 17:55:09,084: cross_reference_reset is ok----Full-Reset
2022-10-26 17:55:38,849: debugメッセージ : 現在の時刻の確認
2022-10-26 17:55:38,849: debugメッセージ : Followerとして居続ける
2022-10-26 17:55:57,096: cross_reference_reset is ok----Full-Reset
2022-10-26 17:56:38,849: debugメッセージ : 現在の時刻の確認
2022-10-26 17:56:38,850: debugメッセージ : Followerとして居続ける
2022-10-26 17:56:45,108: cross_reference_reset is ok----Full-Reset
2022-10-26 17:57:33,116: cross_reference_reset is ok----Full-Reset
2022-10-26 17:57:38,850: debugメッセージ : 現在の時刻の確認
2022-10-26 17:57:38,851: debugメッセージ : Followerとして居続ける
2022-10-26 17:58:21,128: cross_reference_reset is ok----Full-Reset
2022-10-26 17:58:38,851: debugメッセージ : 現在の時刻の確認
2022-10-26 17:58:38,852: debugメッセージ : Followerとして居続ける
2022-10-26 17:59:09,136: cross_reference_reset is ok----Full-Reset
2022-10-26 17:59:38,852: debugメッセージ : 現在の時刻の確認
2022-10-26 17:59:38,852: debugメッセージ : Followerとして居続ける
2022-10-26 17:59:57,147: cross_reference_reset is ok----Full-Reset
2022-10-26 18:00:38,853: debugメッセージ : 現在の時刻の確認
2022-10-26 18:00:38,853: debugメッセージ : Followerとして居続ける
2022-10-26 18:00:45,158: cross_reference_reset is ok----Full-Reset
2022-10-26 18:01:33,168: cross_reference_reset is ok----Full-Reset
2022-10-26 18:01:38,854: debugメッセージ : 現在の時刻の確認
2022-10-26 18:01:38,854: debugメッセージ : Followerとして居続ける
2022-10-26 18:02:21,180: cross_reference_reset is ok----Full-Reset
2022-10-26 18:02:38,855: debugメッセージ : 現在の時刻の確認
2022-10-26 18:02:38,855: debugメッセージ : Followerとして居続ける
2022-10-26 18:03:09,189: cross_reference_reset is ok----Full-Reset
2022-10-26 18:03:38,856: debugメッセージ : 現在の時刻の確認
2022-10-26 18:03:38,856: debugメッセージ : Followerとして居続ける
2022-10-26 18:03:57,199: cross_reference_reset is ok----Full-Reset
2022-10-26 18:04:38,857: debugメッセージ : 現在の時刻の確認
2022-10-26 18:04:38,857: debugメッセージ : Followerとして居続ける
2022-10-26 18:04:45,208: cross_reference_reset is ok----Full-Reset
2022-10-26 18:05:33,219: cross_reference_reset is ok----Full-Reset
2022-10-26 18:05:38,858: debugメッセージ : 現在の時刻の確認
2022-10-26 18:05:38,858: debugメッセージ : Followerとして居続ける
2022-10-26 18:06:21,228: cross_reference_reset is ok----Full-Reset
2022-10-26 18:06:38,859: debugメッセージ : 現在の時刻の確認
2022-10-26 18:06:38,859: debugメッセージ : Followerとして居続ける
2022-10-26 18:07:09,236: cross_reference_reset is ok----Full-Reset
2022-10-26 18:07:38,860: debugメッセージ : 現在の時刻の確認
2022-10-26 18:07:38,860: debugメッセージ : Followerとして居続ける
2022-10-26 18:07:57,248: cross_reference_reset is ok----Full-Reset
2022-10-26 18:08:38,860: debugメッセージ : 現在の時刻の確認
2022-10-26 18:08:38,861: debugメッセージ : Followerとして居続ける
2022-10-26 18:08:45,258: cross_reference_reset is ok----Full-Reset
2022-10-26 18:09:33,271: cross_reference_reset is ok----Full-Reset
2022-10-26 18:09:38,861: debugメッセージ : 現在の時刻の確認
2022-10-26 18:09:38,861: debugメッセージ : Followerとして居続ける
