2022-10-25 17:15:45,204: 1111111111111111111111111Leader_loop1111111111111111111111111
2022-10-25 17:15:45,205: 最後の履歴交差から50経過していない
2022-10-25 17:15:45,205: debugメッセージ : join_DMnetwork
2022-10-25 17:15:45,205: debugメッセージ : join_DMnetwork
2022-10-25 17:15:45,218: debugメッセージ : Follower_loop
2022-10-25 17:15:45,219: debugメッセージ : 現在の時刻の確認
2022-10-25 17:15:45,219: debugメッセージ : Followerとして居続ける
2022-10-25 17:16:45,219: debugメッセージ : 現在の時刻の確認
2022-10-25 17:16:45,219: debugメッセージ : Followerとして居続ける
2022-10-25 17:17:45,220: debugメッセージ : 現在の時刻の確認
2022-10-25 17:17:45,220: debugメッセージ : Followerとして居続ける
2022-10-25 17:17:54,563: cross_reference_reset is ok----Full-Reset
2022-10-25 17:17:54,587: ============= start_cross_reference__Leader_aggregation =============
2022-10-25 17:17:54,590: MSG_CROSS_REFFERENCE_LEADER_AGGREGATIONをリーダーに返信
2022-10-25 17:17:55,883: リーダーからのマイニング依頼を受信 --- REQUEST_POW
2022-10-25 17:17:55,883: マイニングプールへ保管
2022-10-25 17:17:55,899:  ============= (マイニング) Phase2 start ============= 
2022-10-25 17:17:59,586: 履歴交差部に入っているから情報をクリアします.
2022-10-25 17:18:45,221: debugメッセージ : 現在の時刻の確認
2022-10-25 17:18:45,221: debugメッセージ : Followerとして居続ける
2022-10-25 17:19:24,580: cross_reference_reset is ok----Full-Reset
2022-10-25 17:19:24,606: ============= start_cross_reference__Leader_aggregation =============
2022-10-25 17:19:24,608: MSG_CROSS_REFFERENCE_LEADER_AGGREGATIONをリーダーに返信
2022-10-25 17:19:24,648: リーダーからのマイニング依頼を受信 --- REQUEST_POW
2022-10-25 17:19:24,648: マイニングプールへ保管
2022-10-25 17:19:24,666:  ============= (マイニング) Phase2 start ============= 
2022-10-25 17:19:29,630: 履歴交差部に入っているから情報をクリアします.
2022-10-25 17:19:45,222: debugメッセージ : 現在の時刻の確認
2022-10-25 17:19:45,222: debugメッセージ : Followerとして居続ける
2022-10-25 17:20:45,223: debugメッセージ : 現在の時刻の確認
2022-10-25 17:20:45,223: debugメッセージ : Followerとして居続ける
